{"level":"\u001b[32minfo\u001b[39m","message":"Server is running on port 4001","timestamp":"2025-04-05T20:45:26.870Z"}
{"level":"\u001b[32minfo\u001b[39m","message":"Client URL: 4001","timestamp":"2025-04-05T20:45:26.874Z"}
{"level":"\u001b[32minfo\u001b[39m","message":"API URL: undefined","timestamp":"2025-04-05T20:45:26.874Z"}
{"level":"\u001b[32minfo\u001b[39m","message":"Database URL: undefined","timestamp":"2025-04-05T20:45:26.875Z"}
{"level":"\u001b[32minfo\u001b[39m","message":"Secret Key: undefined","timestamp":"2025-04-05T20:45:26.876Z"}
{"level":"\u001b[32minfo\u001b[39m","message":"Redis URL: undefined","timestamp":"2025-04-05T20:45:26.877Z"}
{"level":"\u001b[32minfo\u001b[39m","message":"Redis Password: undefined","timestamp":"2025-04-05T20:45:26.877Z"}
{"level":"\u001b[32minfo\u001b[39m","message":"Redis Database: undefined","timestamp":"2025-04-05T20:45:26.877Z"}
{"level":"\u001b[32minfo\u001b[39m","message":"Redis Expiration Time: undefined","timestamp":"2025-04-05T20:45:26.878Z"}
{"level":"\u001b[32minfo\u001b[39m","message":"Redis Queue Name: undefined","timestamp":"2025-04-05T20:45:26.878Z"}
{"level":"\u001b[32minfo\u001b[39m","message":"Redis Job Processing Time: undefined","timestamp":"2025-04-05T20:45:26.878Z"}
{"level":"\u001b[32minfo\u001b[39m","message":"Server is running on port 4001","timestamp":"2025-04-05T20:45:50.702Z"}
{"level":"\u001b[32minfo\u001b[39m","message":"Server is running on port 4001","timestamp":"2025-04-05T20:46:07.130Z"}
{"level":"\u001b[32minfo\u001b[39m","message":"Server is running on port 4001","timestamp":"2025-04-05T20:46:13.956Z"}
{"level":"\u001b[32minfo\u001b[39m","message":"Server is running on port 4001","timestamp":"2025-04-05T20:46:31.996Z"}
{"level":"\u001b[32minfo\u001b[39m","message":"Server is running on port 4001","timestamp":"2025-04-05T20:46:33.992Z"}
[32minfo[39m: Server is running on port 4001 {"timestamp":"2025-04-05T20:47:50.155Z"}
{"level":"\u001b[32minfo\u001b[39m","message":"Server is running on port 4001","timestamp":"2025-04-05T20:48:07.250Z"}
[32minfo[39m: Server is running on port 4001 {"timestamp":"2025-04-05T20:48:13.975Z"}
[32minfo[39m: Server is running on port 4001 {"timestamp":"2025-04-05T20:48:22.838Z"}
[32minfo[39m: Server is running on port 4001 {"timestamp":"2025-04-05T20:48:28.936Z"}
[32minfo[39m: Server is running on port 4001 {"timestamp":"2025-04-05T20:48:36.346Z"}
[32minfo[39m: Server is running on port 4001 {"timestamp":"2025-04-05T20:48:59.062Z"}
[32minfo[39m: Server is running on port 4001 {"timestamp":"2025-04-05T20:49:40.926Z"}
[32minfo[39m: Server is running on port 4001 {"timestamp":"2025-04-05T20:49:46.397Z"}
[32minfo[39m: Server is running on port 4001 {"timestamp":"2025-04-05T20:51:24.277Z"}
[32minfo[39m: Server is running on port 4001 {"timestamp":"2025-04-05T20:56:20.616Z"}
[32minfo[39m: Server is running on port 4001 {"timestamp":"2025-04-05T20:57:36.997Z"}
[32minfo[39m: Server is running on port 4001 {"timestamp":"2025-04-05T21:03:07.754Z"}
[32minfo[39m: Server is running on port 4001 {"timestamp":"2025-04-05T21:04:27.618Z"}
[32minfo[39m: Server is running on port 4001 {"timestamp":"2025-04-05T21:05:10.185Z"}
[32minfo[39m: Server is running on port 4001 {"timestamp":"2025-04-05T21:05:14.890Z"}
[32minfo[39m: Server is running on port 4001 {"timestamp":"2025-04-05T21:05:27.305Z"}
[32minfo[39m: Server is running on port 4001 {"timestamp":"2025-04-05T21:06:25.314Z"}
[32minfo[39m: Server is running on port 4001 {"timestamp":"2025-04-05T21:06:36.186Z"}
[32minfo[39m: Server is running on port 4001 {"timestamp":"2025-04-05T21:07:04.962Z"}
[32minfo[39m: Server is running on port 4001 {"timestamp":"2025-04-05T21:08:03.641Z"}
[32minfo[39m: Connected to MongoDB :) {"timestamp":"2025-04-05T21:08:03.681Z"}
[32minfo[39m: Server is running on port 4001 {"timestamp":"2025-04-05T21:08:26.826Z"}
[32minfo[39m: Connected to MongoDB :) {"timestamp":"2025-04-05T21:08:26.853Z"}
[32minfo[39m: Server is running on port 4001 {"timestamp":"2025-04-05T21:08:53.746Z"}
[32minfo[39m: Connected to MongoDB :) {"timestamp":"2025-04-05T21:08:53.775Z"}
[32minfo[39m: Server is running on port 4001 {"timestamp":"2025-04-05T21:11:57.888Z"}
[32minfo[39m: Connected to MongoDB :) {"timestamp":"2025-04-05T21:11:57.917Z"}
[32minfo[39m: Server is running on port 4001 {"timestamp":"2025-04-05T21:12:29.610Z"}
[32minfo[39m: Connected to MongoDB :) {"timestamp":"2025-04-05T21:12:29.644Z"}
[32minfo[39m: Server is running on port 4001 {"timestamp":"2025-04-05T21:13:39.303Z"}
[32minfo[39m: Connected to MongoDB :) {"timestamp":"2025-04-05T21:13:39.334Z"}
[32minfo[39m: Server is running on port 4001 {"timestamp":"2025-04-05T21:16:46.092Z"}
[32minfo[39m: Connected to MongoDB :) {"timestamp":"2025-04-05T21:16:46.124Z"}
[32minfo[39m: Server is running on port 4001 {"timestamp":"2025-04-05T21:20:59.272Z"}
[32minfo[39m: Connected to MongoDB :) {"timestamp":"2025-04-05T21:20:59.308Z"}
[32minfo[39m: Server is running on port 4001 {"timestamp":"2025-04-05T21:22:40.924Z"}
[32minfo[39m: Connected to MongoDB :) {"timestamp":"2025-04-05T21:22:40.955Z"}
[32minfo[39m: Server is running on port 4001 {"timestamp":"2025-04-05T21:29:43.642Z"}
[32minfo[39m: Connected to MongoDB :) {"timestamp":"2025-04-05T21:29:43.671Z"}
[32minfo[39m: Server is running on port 4001 {"timestamp":"2025-04-05T21:31:38.370Z"}
[32minfo[39m: Connected to MongoDB :) {"timestamp":"2025-04-05T21:31:38.404Z"}
[32minfo[39m: Server is running on port 4001 {"timestamp":"2025-04-05T21:32:36.507Z"}
[32minfo[39m: Connected to MongoDB :) {"timestamp":"2025-04-05T21:32:36.537Z"}
[32minfo[39m: Server is running on port 4001 {"timestamp":"2025-04-05T21:32:39.913Z"}
[32minfo[39m: Connected to MongoDB :) {"timestamp":"2025-04-05T21:32:39.941Z"}
[32minfo[39m: Server is running on port 4001 {"timestamp":"2025-04-05T21:34:03.333Z"}
[32minfo[39m: Connected to MongoDB :) {"timestamp":"2025-04-05T21:34:03.363Z"}
[32minfo[39m: Server is running on port 4001 {"timestamp":"2025-04-05T21:35:25.876Z"}
[32minfo[39m: Connected to MongoDB :) {"timestamp":"2025-04-05T21:35:25.900Z"}
[32minfo[39m: Server is running on port 4001 {"timestamp":"2025-04-05T21:35:38.446Z"}
[32minfo[39m: Connected to MongoDB :) {"timestamp":"2025-04-05T21:35:38.484Z"}
[32minfo[39m: Server is running on port 4001 {"timestamp":"2025-04-05T21:36:00.881Z"}
[32minfo[39m: Connected to MongoDB :) {"timestamp":"2025-04-05T21:36:00.919Z"}
[32minfo[39m: Server is running on port 4001 {"timestamp":"2025-04-05T21:36:18.639Z"}
[32minfo[39m: Connected to MongoDB :) {"timestamp":"2025-04-05T21:36:18.670Z"}
[32minfo[39m: Server is running on port 4001 {"timestamp":"2025-04-05T21:38:37.384Z"}
[32minfo[39m: Connected to MongoDB :) {"timestamp":"2025-04-05T21:38:37.409Z"}
[32minfo[39m: Server is running on port 4001 {"timestamp":"2025-04-05T21:38:43.373Z"}
[32minfo[39m: Connected to MongoDB :) {"timestamp":"2025-04-05T21:38:43.413Z"}
[32minfo[39m: Server is running on port 4001 {"timestamp":"2025-04-05T21:39:05.741Z"}
[32minfo[39m: Connected to MongoDB :) {"timestamp":"2025-04-05T21:39:05.769Z"}
[32minfo[39m: Received POST request to /api/v1/register {"timestamp":"2025-04-05T21:39:21.460Z"}
[32minfo[39m: Request body, undefined {"timestamp":"2025-04-05T21:39:21.461Z"}
[32minfo[39m: Server is running on port 4001 {"timestamp":"2025-04-05T21:40:14.983Z"}
[32minfo[39m: Connected to MongoDB :) {"timestamp":"2025-04-05T21:40:15.016Z"}
[32minfo[39m: Received POST request to /api/v1/register {"timestamp":"2025-04-05T21:40:17.824Z"}
[32minfo[39m: Request body, undefined {"timestamp":"2025-04-05T21:40:17.825Z"}
[32minfo[39m: Received POST request to /api/v1/register {"timestamp":"2025-04-05T21:40:19.994Z"}
[32minfo[39m: Request body, undefined {"timestamp":"2025-04-05T21:40:19.995Z"}
[32minfo[39m: Received POST request to /api/v1/register {"timestamp":"2025-04-05T21:40:20.955Z"}
[32minfo[39m: Request body, undefined {"timestamp":"2025-04-05T21:40:20.956Z"}
[32minfo[39m: Received POST request to /api/v1/register {"timestamp":"2025-04-05T21:40:21.987Z"}
[32minfo[39m: Request body, undefined {"timestamp":"2025-04-05T21:40:21.988Z"}
[32minfo[39m: Server is running on port 4001 {"timestamp":"2025-04-05T21:40:56.416Z"}
[32minfo[39m: Connected to MongoDB :) {"timestamp":"2025-04-05T21:40:56.440Z"}
[32minfo[39m: Server is running on port 4001 {"timestamp":"2025-04-05T21:41:03.170Z"}
[32minfo[39m: Connected to MongoDB :) {"timestamp":"2025-04-05T21:41:03.199Z"}
[32minfo[39m: Received POST request to /api/v1/register {"timestamp":"2025-04-05T21:41:10.988Z"}
[32minfo[39m: Request body, undefined {"timestamp":"2025-04-05T21:41:10.989Z"}
[32minfo[39m: Received POST request to /api/v1/register {"timestamp":"2025-04-05T21:41:11.976Z"}
[32minfo[39m: Request body, undefined {"timestamp":"2025-04-05T21:41:11.977Z"}
[32minfo[39m: Server is running on port 4001 {"timestamp":"2025-04-06T15:57:32.907Z"}
[32minfo[39m: Connected to MongoDB :) {"timestamp":"2025-04-06T15:57:32.937Z"}
[32minfo[39m: Received POST request to /api/v1/register {"timestamp":"2025-04-06T15:57:57.641Z"}
[32minfo[39m: Request body, undefined {"timestamp":"2025-04-06T15:57:57.642Z"}
[32minfo[39m: Server is running on port 4001 {"timestamp":"2025-04-06T15:58:12.493Z"}
[32minfo[39m: Connected to MongoDB :) {"timestamp":"2025-04-06T15:58:12.525Z"}
[32minfo[39m: Received POST request to /api/v1/register {"timestamp":"2025-04-06T15:58:14.697Z"}
[32minfo[39m: Request body, undefined {"timestamp":"2025-04-06T15:58:14.699Z"}
[32minfo[39m: Received POST request to /api/v1/register {"timestamp":"2025-04-06T15:58:15.934Z"}
[32minfo[39m: Request body, undefined {"timestamp":"2025-04-06T15:58:15.935Z"}
[32minfo[39m: Server is running on port 4001 {"timestamp":"2025-04-06T15:59:25.550Z"}
[32minfo[39m: Connected to MongoDB :) {"timestamp":"2025-04-06T15:59:25.586Z"}
[32minfo[39m: Received POST request to /api/v1/register {"timestamp":"2025-04-06T15:59:28.677Z"}
[32minfo[39m: Request body, undefined {"timestamp":"2025-04-06T15:59:28.678Z"}
[32minfo[39m: Received POST request to /api/v1/register {"timestamp":"2025-04-06T15:59:31.438Z"}
[32minfo[39m: Request body, undefined {"timestamp":"2025-04-06T15:59:31.440Z"}
[32minfo[39m: Server is running on port 4001 {"timestamp":"2025-04-06T15:59:39.822Z"}
[32minfo[39m: Connected to MongoDB :) {"timestamp":"2025-04-06T15:59:39.850Z"}
[32minfo[39m: Server is running on port 4001 {"timestamp":"2025-04-06T16:00:38.099Z"}
[32minfo[39m: Connected to MongoDB :) {"timestamp":"2025-04-06T16:00:38.130Z"}
[32minfo[39m: Received POST request to /api/v1/register {"timestamp":"2025-04-06T16:00:39.723Z"}
[32minfo[39m: Request body, undefined {"timestamp":"2025-04-06T16:00:39.724Z"}
[32minfo[39m: Received POST request to /api/v1/register {"timestamp":"2025-04-06T16:00:41.424Z"}
[32minfo[39m: Request body, undefined {"timestamp":"2025-04-06T16:00:41.425Z"}
[32minfo[39m: 🚀 Server running on port 4001 {"timestamp":"2025-04-06T16:02:19.102Z"}
[32minfo[39m: Connected to MongoDB :) {"timestamp":"2025-04-06T16:02:19.130Z"}
[32minfo[39m: 🚀 Server running on port 4001 {"timestamp":"2025-04-06T16:02:36.506Z"}
[32minfo[39m: Connected to MongoDB :) {"timestamp":"2025-04-06T16:02:36.532Z"}
[32minfo[39m: 🚀 Server running on port 4001 {"timestamp":"2025-04-06T16:02:56.523Z"}
[32minfo[39m: Connected to MongoDB :) {"timestamp":"2025-04-06T16:02:56.548Z"}
[32minfo[39m: Received POST request to /api/v1/register {"timestamp":"2025-04-06T16:03:00.767Z"}
[32minfo[39m: Request body: {"timestamp":"2025-04-06T16:03:00.767Z"}
[32minfo[39m: User registered successfully {"timestamp":"2025-04-06T16:03:02.781Z"}
[32minfo[39m: 🚀 Server running on port 4001 {"timestamp":"2025-04-06T16:03:33.849Z"}
[32minfo[39m: Connected to MongoDB :) {"timestamp":"2025-04-06T16:03:33.876Z"}
[32minfo[39m: 🚀 Server running on port 4001 {"timestamp":"2025-04-06T16:03:44.931Z"}
[32minfo[39m: Connected to MongoDB :) {"timestamp":"2025-04-06T16:03:44.958Z"}
[32minfo[39m: 🚀 Server running on port 4001 {"timestamp":"2025-04-06T16:11:42.787Z"}
[32minfo[39m: Connected to MongoDB :) {"timestamp":"2025-04-06T16:11:42.817Z"}
[32minfo[39m: 🚀 Server running on port 4001 {"timestamp":"2025-04-06T16:11:47.257Z"}
[32minfo[39m: Connected to MongoDB :) {"timestamp":"2025-04-06T16:11:47.290Z"}
[32minfo[39m: Received POST request to /api/v1/register {"timestamp":"2025-04-06T16:11:59.067Z"}
[32minfo[39m: Request body: {"timestamp":"2025-04-06T16:11:59.069Z"}
[32minfo[39m: Received POST request to /api/v1/register {"timestamp":"2025-04-06T16:12:02.280Z"}
[32minfo[39m: Request body: {"timestamp":"2025-04-06T16:12:02.282Z"}
[32minfo[39m: 🚀 Server running on port 4001 {"timestamp":"2025-04-06T16:13:57.838Z"}
[32minfo[39m: Connected to MongoDB :) {"timestamp":"2025-04-06T16:13:57.866Z"}
[32minfo[39m: 🚀 Server running on port 4001 {"timestamp":"2025-04-06T16:13:59.806Z"}
[32minfo[39m: Connected to MongoDB :) {"timestamp":"2025-04-06T16:13:59.832Z"}
[32minfo[39m: Received POST request to /api/v1/register {"timestamp":"2025-04-06T16:14:04.207Z"}
[32minfo[39m: Request body: {"timestamp":"2025-04-06T16:14:04.208Z"}
[32minfo[39m: User registered successfully {"timestamp":"2025-04-06T16:14:06.105Z"}
[32minfo[39m: 🚀 Server running on port 4001 {"timestamp":"2025-04-06T16:14:40.123Z"}
[32minfo[39m: Connected to MongoDB :) {"timestamp":"2025-04-06T16:14:40.149Z"}
[32minfo[39m: Received POST request to /api/v1/login {"timestamp":"2025-04-06T16:14:49.211Z"}
[32minfo[39m: Request body: {"email":"devbharathkathirvel@gmail.com","password":"345","role":"admin","timestamp":"2025-04-06T16:14:49.215Z"}
[31merror[39m: logger.warning is not a function {"timestamp":"2025-04-06T16:14:49.401Z"}
[32minfo[39m: Received POST request to /api/v1/login {"timestamp":"2025-04-06T16:14:58.210Z"}
[32minfo[39m: Request body: {"email":"devbharathkathirvel@gmail.com","password":"123","role":"admin","timestamp":"2025-04-06T16:14:58.211Z"}
[31merror[39m: logger.warning is not a function {"timestamp":"2025-04-06T16:14:58.348Z"}
[32minfo[39m: Received POST request to /api/v1/login {"timestamp":"2025-04-06T16:15:00.360Z"}
[32minfo[39m: Request body: {"email":"devbharathkathirvel@gmail.com","password":"123","role":"admin","timestamp":"2025-04-06T16:15:00.363Z"}
[31merror[39m: logger.warning is not a function {"timestamp":"2025-04-06T16:15:00.505Z"}
[32minfo[39m: 🚀 Server running on port 4001 {"timestamp":"2025-04-06T16:15:22.589Z"}
[32minfo[39m: Connected to MongoDB :) {"timestamp":"2025-04-06T16:15:22.617Z"}
[32minfo[39m: 🚀 Server running on port 4001 {"timestamp":"2025-04-06T16:15:40.545Z"}
[32minfo[39m: Connected to MongoDB :) {"timestamp":"2025-04-06T16:15:40.582Z"}
[32minfo[39m: Received POST request to /api/v1/login {"timestamp":"2025-04-06T16:15:48.116Z"}
[32minfo[39m: Request body: {"email":"devbharathkathirvel@gmail.com","password":"123","role":"admin","timestamp":"2025-04-06T16:15:48.117Z"}
[31merror[39m: user is not defined {"timestamp":"2025-04-06T16:15:48.209Z"}
[31merror[39m: Failed to generate refresh token {"timestamp":"2025-04-06T16:15:48.211Z"}
[32minfo[39m: 🚀 Server running on port 4001 {"timestamp":"2025-04-06T16:16:46.166Z"}
[32minfo[39m: Connected to MongoDB :) {"timestamp":"2025-04-06T16:16:46.199Z"}
[32minfo[39m: Received POST request to /api/v1/login {"timestamp":"2025-04-06T16:16:48.317Z"}
[32minfo[39m: Request body: {"email":"devbharathkathirvel@gmail.com","password":"123","role":"admin","timestamp":"2025-04-06T16:16:48.319Z"}
[31merror[39m: user is not defined {"timestamp":"2025-04-06T16:16:48.410Z"}
[31merror[39m: Failed to generate refresh token {"timestamp":"2025-04-06T16:16:48.411Z"}
[32minfo[39m: 🚀 Server running on port 4001 {"timestamp":"2025-04-06T16:17:52.996Z"}
[32minfo[39m: Connected to MongoDB :) {"timestamp":"2025-04-06T16:17:53.034Z"}
[32minfo[39m: Received POST request to /api/v1/login {"timestamp":"2025-04-06T16:17:56.093Z"}
[32minfo[39m: Request body: {"email":"devbharathkathirvel@gmail.com","password":"123","role":"admin","timestamp":"2025-04-06T16:17:56.094Z"}
[32minfo[39m: User logged in successfully {"timestamp":"2025-04-06T16:17:56.206Z"}
[32minfo[39m: Received POST request to /api/v1/login {"timestamp":"2025-04-06T16:18:22.943Z"}
[32minfo[39m: Request body: {"email":"devbharathkathirvel@gmail.com","password":"123","role":"admin","timestamp":"2025-04-06T16:18:22.944Z"}
[32minfo[39m: User logged in successfully {"timestamp":"2025-04-06T16:18:23.028Z"}
[32minfo[39m: 🚀 Server running on port 4001 {"timestamp":"2025-04-06T16:18:44.107Z"}
[32minfo[39m: Connected to MongoDB :) {"timestamp":"2025-04-06T16:18:44.133Z"}
[32minfo[39m: Received POST request to /api/v1/update {"timestamp":"2025-04-06T16:18:56.957Z"}
[32minfo[39m: Request body: {"timestamp":"2025-04-06T16:18:56.958Z"}
[31merror[39m: Cannot access 'token' before initialization {"timestamp":"2025-04-06T16:18:56.969Z"}
[32minfo[39m: 🚀 Server running on port 4001 {"timestamp":"2025-04-06T16:19:21.675Z"}
[32minfo[39m: Connected to MongoDB :) {"timestamp":"2025-04-06T16:19:21.728Z"}
[32minfo[39m: Received POST request to /api/v1/update {"timestamp":"2025-04-06T16:19:22.599Z"}
[32minfo[39m: Request body: {"timestamp":"2025-04-06T16:19:22.601Z"}
[31merror[39m: Cannot access 'token' before initialization {"timestamp":"2025-04-06T16:19:22.620Z"}
[32minfo[39m: 🚀 Server running on port 4001 {"timestamp":"2025-04-06T16:19:57.053Z"}
[32minfo[39m: Connected to MongoDB :) {"timestamp":"2025-04-06T16:19:57.078Z"}
[32minfo[39m: Received POST request to /api/v1/login {"timestamp":"2025-04-06T16:20:10.076Z"}
[32minfo[39m: Request body: {"email":"devbharathkathirvel@gmail.com","password":"123","role":"admin","timestamp":"2025-04-06T16:20:10.077Z"}
[32minfo[39m: User logged in successfully {"timestamp":"2025-04-06T16:20:10.172Z"}
[32minfo[39m: Received POST request to /api/v1/login {"timestamp":"2025-04-06T16:20:16.420Z"}
[32minfo[39m: Request body: {"email":"devbharathkathirvel@gmail.com","password":"123","role":"admin","timestamp":"2025-04-06T16:20:16.421Z"}
[32minfo[39m: User logged in successfully {"timestamp":"2025-04-06T16:20:16.576Z"}
[32minfo[39m: 🚀 Server running on port 4001 {"timestamp":"2025-04-06T16:20:32.006Z"}
[32minfo[39m: Connected to MongoDB :) {"timestamp":"2025-04-06T16:20:32.040Z"}
[32minfo[39m: Received POST request to /api/v1/update {"timestamp":"2025-04-06T16:20:41.793Z"}
[32minfo[39m: Request body: {"timestamp":"2025-04-06T16:20:41.795Z"}
[32minfo[39m: User profile updated successfully {"timestamp":"2025-04-06T16:20:41.895Z"}
[32minfo[39m: 🚀 Server running on port 4001 {"timestamp":"2025-04-06T16:21:22.251Z"}
[32minfo[39m: Connected to MongoDB :) {"timestamp":"2025-04-06T16:21:22.278Z"}
[32minfo[39m: 🚀 Server running on port 4001 {"timestamp":"2025-04-06T16:21:24.630Z"}
[32minfo[39m: Connected to MongoDB :) {"timestamp":"2025-04-06T16:21:24.654Z"}
[32minfo[39m: 🚀 Server running on port 4001 {"timestamp":"2025-04-06T16:22:27.414Z"}
[32minfo[39m: Connected to MongoDB :) {"timestamp":"2025-04-06T16:22:27.444Z"}
[32minfo[39m: 🚀 Server running on port 4001 {"timestamp":"2025-04-06T16:23:44.255Z"}
[32minfo[39m: Connected to MongoDB :) {"timestamp":"2025-04-06T16:23:44.284Z"}
[32minfo[39m: 🚀 Server running on port 4001 {"timestamp":"2025-04-06T16:23:48.941Z"}
[32minfo[39m: Connected to MongoDB :) {"timestamp":"2025-04-06T16:23:48.980Z"}
[32minfo[39m: 🚀 Server running on port 4001 {"timestamp":"2025-04-06T16:23:53.762Z"}
[32minfo[39m: Connected to MongoDB :) {"timestamp":"2025-04-06T16:23:53.788Z"}
[32minfo[39m: 🚀 Server running on port 4001 {"timestamp":"2025-04-06T17:01:45.953Z"}
[32minfo[39m: Connected to MongoDB :) {"timestamp":"2025-04-06T17:01:45.989Z"}
[32minfo[39m: 🚀 Server running on port 4001 {"timestamp":"2025-04-06T17:01:49.269Z"}
[32minfo[39m: Connected to MongoDB :) {"timestamp":"2025-04-06T17:01:49.300Z"}
[32minfo[39m: 🚀 Server running on port 4001 {"timestamp":"2025-04-06T17:06:16.470Z"}
[32minfo[39m: Connected to MongoDB :) {"timestamp":"2025-04-06T17:06:16.495Z"}
[32minfo[39m: 🚀 Server running on port 4001 {"timestamp":"2025-04-06T17:08:10.321Z"}
[32minfo[39m: Connected to MongoDB :) {"timestamp":"2025-04-06T17:08:10.353Z"}
[32minfo[39m: 🚀 Server running on port 4001 {"timestamp":"2025-04-06T17:08:41.579Z"}
[32minfo[39m: Connected to MongoDB :) {"timestamp":"2025-04-06T17:08:41.607Z"}
[32minfo[39m: 🚀 Server running on port 4001 {"timestamp":"2025-04-06T17:09:25.323Z"}
[32minfo[39m: Connected to MongoDB :) {"timestamp":"2025-04-06T17:09:25.372Z"}
[32minfo[39m: 🚀 Server running on port 4001 {"timestamp":"2025-04-06T17:10:58.661Z"}
[32minfo[39m: Connected to MongoDB :) {"timestamp":"2025-04-06T17:10:58.693Z"}
[32minfo[39m: 🚀 Server running on port 4001 {"timestamp":"2025-04-06T17:12:38.719Z"}
[32minfo[39m: Connected to MongoDB :) {"timestamp":"2025-04-06T17:12:38.750Z"}
[32minfo[39m: 🚀 Server running on port 4001 {"timestamp":"2025-04-06T17:14:20.888Z"}
[32minfo[39m: Connected to MongoDB :) {"timestamp":"2025-04-06T17:14:20.914Z"}
[32minfo[39m: 🚀 Server running on port 4001 {"timestamp":"2025-04-06T17:14:52.551Z"}
[32minfo[39m: Connected to MongoDB :) {"timestamp":"2025-04-06T17:14:52.584Z"}
[32minfo[39m: 🚀 Server running on port 4001 {"timestamp":"2025-04-06T17:14:57.584Z"}
[32minfo[39m: Connected to MongoDB :) {"timestamp":"2025-04-06T17:14:57.623Z"}
[32minfo[39m: 🚀 Server running on port 4001 {"timestamp":"2025-04-06T17:15:19.664Z"}
[32minfo[39m: Connected to MongoDB :) {"timestamp":"2025-04-06T17:15:19.692Z"}
[32minfo[39m: 🚀 Server running on port 4001 {"timestamp":"2025-04-06T17:15:55.855Z"}
[32minfo[39m: Connected to MongoDB :) {"timestamp":"2025-04-06T17:15:55.882Z"}
[32minfo[39m: 🚀 Server running on port 4001 {"timestamp":"2025-04-06T17:16:00.085Z"}
[32minfo[39m: Connected to MongoDB :) {"timestamp":"2025-04-06T17:16:00.111Z"}
[32minfo[39m: 🚀 Server running on port 4001 {"timestamp":"2025-04-06T17:17:01.346Z"}
[32minfo[39m: Connected to MongoDB :) {"timestamp":"2025-04-06T17:17:01.374Z"}
[32minfo[39m: Received POST request to /api/v1/forgot-password {"timestamp":"2025-04-06T17:17:02.518Z"}
[32minfo[39m: Request body: {"email":"devbharathkathirvel@gmail.com","timestamp":"2025-04-06T17:17:02.519Z"}
[32minfo[39m: Received POST request to /api/v1/forgot-password {"timestamp":"2025-04-06T17:17:09.197Z"}
[32minfo[39m: Request body: {"email":"devbharathkathirvel@gmail.com","timestamp":"2025-04-06T17:17:09.198Z"}
[32minfo[39m: 🚀 Server running on port 4001 {"timestamp":"2025-04-06T17:18:11.187Z"}
[32minfo[39m: Connected to MongoDB :) {"timestamp":"2025-04-06T17:18:11.218Z"}
[32minfo[39m: Received POST request to /api/v1/verfiy-password {"timestamp":"2025-04-06T17:18:14.781Z"}
[32minfo[39m: Request body: {"email":"devbharathkathirvel@gmail.com","otp":"1483","timestamp":"2025-04-06T17:18:14.782Z"}
[32minfo[39m: Received POST request to /api/v1/forgot-password {"timestamp":"2025-04-06T17:18:17.670Z"}
[32minfo[39m: Request body: {"email":"devbharathkathirvel@gmail.com","timestamp":"2025-04-06T17:18:17.671Z"}
[32minfo[39m: 🚀 Server running on port 4001 {"timestamp":"2025-04-06T17:20:05.495Z"}
[32minfo[39m: Connected to MongoDB :) {"timestamp":"2025-04-06T17:20:05.524Z"}
[32minfo[39m: Received POST request to /api/v1/forgot-password {"timestamp":"2025-04-06T17:20:08.351Z"}
[32minfo[39m: Request body: {"email":"devbharathkathirvel@gmail.com","timestamp":"2025-04-06T17:20:08.352Z"}
[32minfo[39m: Received POST request to /api/v1/forgot-password {"timestamp":"2025-04-06T17:20:10.151Z"}
[32minfo[39m: Request body: {"email":"devbharathkathirvel@gmail.com","timestamp":"2025-04-06T17:20:10.152Z"}
[32minfo[39m: 🚀 Server running on port 4001 {"timestamp":"2025-04-06T17:20:49.576Z"}
[32minfo[39m: Connected to MongoDB :) {"timestamp":"2025-04-06T17:20:49.602Z"}
[32minfo[39m: Received POST request to /api/v1/forgot-password {"timestamp":"2025-04-06T17:20:50.777Z"}
[32minfo[39m: Request body: {"email":"devbharathkathirvel@gmail.com","timestamp":"2025-04-06T17:20:50.779Z"}
[32minfo[39m: Request body: {"email":"devbharathkathirvel@gmail.com"} {"timestamp":"2025-04-06T17:20:50.779Z"}
[32minfo[39m: 🚀 Server running on port 4001 {"timestamp":"2025-04-06T17:22:02.001Z"}
[32minfo[39m: Connected to MongoDB :) {"timestamp":"2025-04-06T17:22:02.042Z"}
[32minfo[39m: 🚀 Server running on port 4001 {"timestamp":"2025-04-06T17:22:11.179Z"}
[32minfo[39m: Connected to MongoDB :) {"timestamp":"2025-04-06T17:22:11.210Z"}
[32minfo[39m: Received POST request to /api/v1/forgot-password {"timestamp":"2025-04-06T17:22:15.242Z"}
[32minfo[39m: Request body: {"email":"devbharathkathirvel@gmail.com","timestamp":"2025-04-06T17:22:15.243Z"}
[32minfo[39m: Received POST request to /api/v1/forgot-password {"timestamp":"2025-04-06T17:22:16.268Z"}
[32minfo[39m: Request body: {"email":"devbharathkathirvel@gmail.com","timestamp":"2025-04-06T17:22:16.269Z"}
[32minfo[39m: Received POST request to /api/v1/forgotpassword {"timestamp":"2025-04-06T17:22:53.283Z"}
[32minfo[39m: Request body: {"email":"devbharathkathirvel@gmail.com","timestamp":"2025-04-06T17:22:53.285Z"}
[32minfo[39m: OTP sent to devbharathkathirvel@gmail.com {"timestamp":"2025-04-06T17:22:56.743Z"}
[32minfo[39m: Received POST request to /api/v1/verfiy-password {"timestamp":"2025-04-06T17:23:19.129Z"}
[32minfo[39m: Request body: {"email":"devbharathkathirvel@gmail.com","otp":"9998","timestamp":"2025-04-06T17:23:19.131Z"}
[32minfo[39m: Received POST request to /api/v1/verfiypassword {"timestamp":"2025-04-06T17:23:24.178Z"}
[32minfo[39m: Request body: {"email":"devbharathkathirvel@gmail.com","otp":"9998","timestamp":"2025-04-06T17:23:24.178Z"}
[32minfo[39m: Password reset for devbharathkathirvel@gmail.com {"timestamp":"2025-04-06T17:23:24.189Z"}
[32minfo[39m: Received POST request to /api/v1/resetpassword {"timestamp":"2025-04-06T17:23:47.708Z"}
[32minfo[39m: Request body: {"confirmpassword":"345","email":"devbharathkathirvel@gmail.com","password":"345","timestamp":"2025-04-06T17:23:47.709Z"}
[32minfo[39m: Password reset for devbharathkathirvel@gmail.com {"timestamp":"2025-04-06T17:23:47.794Z"}
[32minfo[39m: Received POST request to /api/v1/logout {"timestamp":"2025-04-06T17:23:55.007Z"}
[32minfo[39m: Request body: {"timestamp":"2025-04-06T17:23:55.007Z"}
[32minfo[39m: User logged out successfully {"timestamp":"2025-04-06T17:23:55.014Z"}
[32minfo[39m: 🚀 Server running on port 4001 {"timestamp":"2025-04-06T17:35:31.186Z"}
[32minfo[39m: Connected to MongoDB :) {"timestamp":"2025-04-06T17:35:31.220Z"}
